<?xml version="1.0" encoding="utf-8"?><testsuites><testsuite name="pytest" errors="0" failures="0" skipped="0" tests="5" time="5.770" timestamp="2025-02-13T17:46:51.731140+00:00" hostname="ip-172-31-82-143"><testcase classname="test.integration.todoApiTest.TestApi" name="test_api_addtodo" time="0.741" /><testcase classname="test.integration.todoApiTest.TestApi" name="test_api_deletetodo" time="1.426" /><testcase classname="test.integration.todoApiTest.TestApi" name="test_api_gettodo" time="1.366" /><testcase classname="test.integration.todoApiTest.TestApi" name="test_api_listtodos" time="0.726" /><testcase classname="test.integration.todoApiTest.TestApi" name="test_api_updatetodo" time="1.428" /></testsuite></testsuites>